INFO:werkzeug:[31m[1mWARNING: This is a development server. Do not use it in a production deployment. Use a production WSGI server instead.[0m
 * Running on all addresses (0.0.0.0)
 * Running on http://127.0.0.1:5000
 * Running on http://172.18.0.4:5000
INFO:werkzeug:[33mPress CTRL+C to quit[0m
INFO:werkzeug:[31m[1mWARNING: This is a development server. Do not use it in a production deployment. Use a production WSGI server instead.[0m
 * Running on all addresses (0.0.0.0)
 * Running on http://127.0.0.1:5000
 * Running on http://172.18.0.4:5000
INFO:werkzeug:[33mPress CTRL+C to quit[0m
INFO:werkzeug:[31m[1mWARNING: This is a development server. Do not use it in a production deployment. Use a production WSGI server instead.[0m
 * Running on all addresses (0.0.0.0)
 * Running on http://127.0.0.1:5000
 * Running on http://172.18.0.4:5000
INFO:werkzeug:[33mPress CTRL+C to quit[0m
ERROR:app:Exception on / [GET]
Traceback (most recent call last):
  File "/config/.local/lib/python3.8/site-packages/flask/app.py", line 2190, in wsgi_app
    response = self.full_dispatch_request()
  File "/config/.local/lib/python3.8/site-packages/flask/app.py", line 1486, in full_dispatch_request
    rv = self.handle_user_exception(e)
  File "/config/.local/lib/python3.8/site-packages/flask/app.py", line 1484, in full_dispatch_request
    rv = self.dispatch_request()
  File "/config/.local/lib/python3.8/site-packages/flask/app.py", line 1469, in dispatch_request
    return self.ensure_sync(self.view_functions[rule.endpoint])(**view_args)
  File "/config/workspace/app.py", line 13, in hello_world
    return render_template("templates/index.html")
  File "/config/.local/lib/python3.8/site-packages/flask/templating.py", line 150, in render_template
    template = app.jinja_env.get_or_select_template(template_name_or_list)
  File "/config/.local/lib/python3.8/site-packages/jinja2/environment.py", line 1081, in get_or_select_template
    return self.get_template(template_name_or_list, parent, globals)
  File "/config/.local/lib/python3.8/site-packages/jinja2/environment.py", line 1010, in get_template
    return self._load_template(name, globals)
  File "/config/.local/lib/python3.8/site-packages/jinja2/environment.py", line 969, in _load_template
    template = self.loader.load(self, name, self.make_globals(globals))
  File "/config/.local/lib/python3.8/site-packages/jinja2/loaders.py", line 126, in load
    source, filename, uptodate = self.get_source(environment, name)
  File "/config/.local/lib/python3.8/site-packages/flask/templating.py", line 64, in get_source
    return self._get_source_fast(environment, template)
  File "/config/.local/lib/python3.8/site-packages/flask/templating.py", line 98, in _get_source_fast
    raise TemplateNotFound(template)
jinja2.exceptions.TemplateNotFound: templates/index.html
INFO:werkzeug:172.18.0.2 - - [03/Jul/2023 10:23:05] "[35m[1mGET / HTTP/1.1[0m" 500 -
INFO:werkzeug:172.18.0.2 - - [03/Jul/2023 10:23:05] "[33mGET /favicon.ico HTTP/1.1[0m" 404 -
ERROR:app:Exception on / [GET]
Traceback (most recent call last):
  File "/config/.local/lib/python3.8/site-packages/flask/app.py", line 2190, in wsgi_app
    response = self.full_dispatch_request()
  File "/config/.local/lib/python3.8/site-packages/flask/app.py", line 1486, in full_dispatch_request
    rv = self.handle_user_exception(e)
  File "/config/.local/lib/python3.8/site-packages/flask/app.py", line 1484, in full_dispatch_request
    rv = self.dispatch_request()
  File "/config/.local/lib/python3.8/site-packages/flask/app.py", line 1469, in dispatch_request
    return self.ensure_sync(self.view_functions[rule.endpoint])(**view_args)
  File "/config/workspace/app.py", line 13, in hello_world
    return render_template("templates/index.html")
  File "/config/.local/lib/python3.8/site-packages/flask/templating.py", line 150, in render_template
    template = app.jinja_env.get_or_select_template(template_name_or_list)
  File "/config/.local/lib/python3.8/site-packages/jinja2/environment.py", line 1081, in get_or_select_template
    return self.get_template(template_name_or_list, parent, globals)
  File "/config/.local/lib/python3.8/site-packages/jinja2/environment.py", line 1010, in get_template
    return self._load_template(name, globals)
  File "/config/.local/lib/python3.8/site-packages/jinja2/environment.py", line 969, in _load_template
    template = self.loader.load(self, name, self.make_globals(globals))
  File "/config/.local/lib/python3.8/site-packages/jinja2/loaders.py", line 126, in load
    source, filename, uptodate = self.get_source(environment, name)
  File "/config/.local/lib/python3.8/site-packages/flask/templating.py", line 64, in get_source
    return self._get_source_fast(environment, template)
  File "/config/.local/lib/python3.8/site-packages/flask/templating.py", line 98, in _get_source_fast
    raise TemplateNotFound(template)
jinja2.exceptions.TemplateNotFound: templates/index.html
INFO:werkzeug:172.18.0.2 - - [03/Jul/2023 10:35:32] "[35m[1mGET / HTTP/1.1[0m" 500 -
INFO:werkzeug:[31m[1mWARNING: This is a development server. Do not use it in a production deployment. Use a production WSGI server instead.[0m
 * Running on all addresses (0.0.0.0)
 * Running on http://127.0.0.1:5000
 * Running on http://172.18.0.4:5000
INFO:werkzeug:[33mPress CTRL+C to quit[0m
INFO:werkzeug:[31m[1mWARNING: This is a development server. Do not use it in a production deployment. Use a production WSGI server instead.[0m
 * Running on all addresses (0.0.0.0)
 * Running on http://127.0.0.1:5000
 * Running on http://172.18.0.4:5000
INFO:werkzeug:[33mPress CTRL+C to quit[0m
ERROR:app:Exception on / [GET]
Traceback (most recent call last):
  File "/config/.local/lib/python3.8/site-packages/flask/app.py", line 2190, in wsgi_app
    response = self.full_dispatch_request()
  File "/config/.local/lib/python3.8/site-packages/flask/app.py", line 1486, in full_dispatch_request
    rv = self.handle_user_exception(e)
  File "/config/.local/lib/python3.8/site-packages/flask/app.py", line 1484, in full_dispatch_request
    rv = self.dispatch_request()
  File "/config/.local/lib/python3.8/site-packages/flask/app.py", line 1469, in dispatch_request
    return self.ensure_sync(self.view_functions[rule.endpoint])(**view_args)
  File "/config/workspace/app.py", line 14, in hello_world
    return render_template("templates/index.html")
  File "/config/.local/lib/python3.8/site-packages/flask/templating.py", line 150, in render_template
    template = app.jinja_env.get_or_select_template(template_name_or_list)
  File "/config/.local/lib/python3.8/site-packages/jinja2/environment.py", line 1081, in get_or_select_template
    return self.get_template(template_name_or_list, parent, globals)
  File "/config/.local/lib/python3.8/site-packages/jinja2/environment.py", line 1010, in get_template
    return self._load_template(name, globals)
  File "/config/.local/lib/python3.8/site-packages/jinja2/environment.py", line 969, in _load_template
    template = self.loader.load(self, name, self.make_globals(globals))
  File "/config/.local/lib/python3.8/site-packages/jinja2/loaders.py", line 126, in load
    source, filename, uptodate = self.get_source(environment, name)
  File "/config/.local/lib/python3.8/site-packages/flask/templating.py", line 64, in get_source
    return self._get_source_fast(environment, template)
  File "/config/.local/lib/python3.8/site-packages/flask/templating.py", line 98, in _get_source_fast
    raise TemplateNotFound(template)
jinja2.exceptions.TemplateNotFound: templates/index.html
INFO:werkzeug:172.18.0.2 - - [03/Jul/2023 10:43:24] "[35m[1mGET / HTTP/1.1[0m" 500 -
INFO:werkzeug:[31m[1mWARNING: This is a development server. Do not use it in a production deployment. Use a production WSGI server instead.[0m
 * Running on all addresses (0.0.0.0)
 * Running on http://127.0.0.1:5000
 * Running on http://172.18.0.4:5000
INFO:werkzeug:[33mPress CTRL+C to quit[0m
INFO:werkzeug:[31m[1mWARNING: This is a development server. Do not use it in a production deployment. Use a production WSGI server instead.[0m
 * Running on all addresses (0.0.0.0)
 * Running on http://127.0.0.1:5000
 * Running on http://172.18.0.4:5000
INFO:werkzeug:[33mPress CTRL+C to quit[0m
INFO:werkzeug:[31m[1mWARNING: This is a development server. Do not use it in a production deployment. Use a production WSGI server instead.[0m
 * Running on all addresses (0.0.0.0)
 * Running on http://127.0.0.1:8080
 * Running on http://172.18.0.4:8080
INFO:werkzeug:[33mPress CTRL+C to quit[0m
ERROR:app:Exception on / [GET]
Traceback (most recent call last):
  File "/config/.local/lib/python3.8/site-packages/flask/app.py", line 2190, in wsgi_app
    response = self.full_dispatch_request()
  File "/config/.local/lib/python3.8/site-packages/flask/app.py", line 1486, in full_dispatch_request
    rv = self.handle_user_exception(e)
  File "/config/.local/lib/python3.8/site-packages/flask/app.py", line 1484, in full_dispatch_request
    rv = self.dispatch_request()
  File "/config/.local/lib/python3.8/site-packages/flask/app.py", line 1469, in dispatch_request
    return self.ensure_sync(self.view_functions[rule.endpoint])(**view_args)
  File "/config/workspace/app.py", line 14, in hello_world
    return render_template("templates/index.html")
  File "/config/.local/lib/python3.8/site-packages/flask/templating.py", line 150, in render_template
    template = app.jinja_env.get_or_select_template(template_name_or_list)
  File "/config/.local/lib/python3.8/site-packages/jinja2/environment.py", line 1081, in get_or_select_template
    return self.get_template(template_name_or_list, parent, globals)
  File "/config/.local/lib/python3.8/site-packages/jinja2/environment.py", line 1010, in get_template
    return self._load_template(name, globals)
  File "/config/.local/lib/python3.8/site-packages/jinja2/environment.py", line 969, in _load_template
    template = self.loader.load(self, name, self.make_globals(globals))
  File "/config/.local/lib/python3.8/site-packages/jinja2/loaders.py", line 126, in load
    source, filename, uptodate = self.get_source(environment, name)
  File "/config/.local/lib/python3.8/site-packages/flask/templating.py", line 64, in get_source
    return self._get_source_fast(environment, template)
  File "/config/.local/lib/python3.8/site-packages/flask/templating.py", line 98, in _get_source_fast
    raise TemplateNotFound(template)
jinja2.exceptions.TemplateNotFound: templates/index.html
INFO:werkzeug:172.18.0.2 - - [03/Jul/2023 10:54:18] "[35m[1mGET / HTTP/1.1[0m" 500 -
INFO:werkzeug:172.18.0.2 - - [03/Jul/2023 10:54:19] "[33mGET /favicon.ico HTTP/1.1[0m" 404 -
INFO:werkzeug:172.18.0.2 - - [03/Jul/2023 10:54:35] "GET /review HTTP/1.1" 200 -
INFO:werkzeug:172.18.0.2 - - [03/Jul/2023 10:54:35] "GET /static/css/style.css HTTP/1.1" 200 -
INFO:werkzeug:172.18.0.2 - - [03/Jul/2023 10:54:35] "GET /static/css/main.css HTTP/1.1" 200 -
INFO:root:name
INFO:root:rating
INFO:root:No Comment Heading
INFO:root:'NoneType' object has no attribute 'div'
INFO:root:log my final result [{'Product': 'tv', 'Name': 'Anupam', 'Rating': '4', 'CommentHead': 'Value-for-money', 'Comment': 'P.S -  Review after 2 months usage !!This will be a detailed review through my personal experience. So pls bear with me.....Pros1. Awesome picture clarity2. True 4k video experience3. Dual band wifi is great as 4k videos are best played on 5Ghz network4. Best in price segment5. Bezels are thin and fits with the price6. Black reproduction is superb and dark scenes are reproduced in a great way.7. 4k videos feels so real and breathtaking.Cons1. Sound output is fine and I cant fee...'}, {'Product': 'tv', 'Name': 'Roshon Chetri', 'Rating': '5', 'CommentHead': 'Best in the market!', 'Comment': 'Good product and nice look I like it Flipkart thank you to you service nice CE but something 4K video is not that special and would be nice.Still the product is right on a low budget! #I will say it is quite good.😄😃😀👍🖐️'}, {'Product': 'tv', 'Name': 'Ali', 'Rating': '4', 'CommentHead': 'Pretty good', 'Comment': 'Reviews are very important, today is the first day after installation1. On time delivery2. On time installation (go for wall mount) 3. Big no if you have SD channels4. Always HD & above5. You will love the 4k videos6. Picture perfect 4k videos7. Chrome cast is good8. Wifi connectivity is okTalk to your cable operator on HD setupbox,  Select the best one,  Hopefull for no issues in coming days'}, {'Product': 'tv', 'Name': 'Tania  Suchiang ', 'Rating': '5', 'CommentHead': 'Terrific', 'Comment': "Reviewing it after 10days of using it ... To be honest I didn't expect this tv to be this good... I mean picture quality sound everything is very good at this price... Go ahead Buy this tv without thinking it twice... This is just a demo picture in actual it's more clearer then the pic.. Got it beyond my expectations.. thank you Flipkart for such a wonderful TV.."}, {'Product': 'tv', 'Name': 'Nature lover Luffy', 'Rating': '4', 'CommentHead': 'Very Good', 'Comment': 'The clarity of the tv is amazing for the price .Sound is average enough for a optimal room space .Connectivity is good Smart TV and internet speed is super..108 cm Display 95/100Sound 80/100Go for it.'}, {'Product': 'tv', 'Name': 'Vikram Ramanathan', 'Rating': '5', 'CommentHead': 'Best in the market!', 'Comment': "A great 4k TV for a very good price. Picture quality is excellent and the colours vivid. The Android TV interface is very responsive because it has 1.5 GB RAM. Connected to 2.4Ghz and 5Ghz WiF instantly. The ribbon stand is a welcome change from all the other budget TV's which have the dual leg stands set very wide. This is one of the main reasons I bought this 4k TV.Sound quality isn't the greatest, but there are multiple connectivity options, so I plan to pair it with my Soundbar through ..."}, {'Product': 'tv', 'Name': 'Bhupender singh', 'Rating': '5', 'CommentHead': 'Awesome', 'Comment': 'After 2 weeks i am reviewing this, Tv is simply superb at this price point. I got it in Republic day sale for 23k, to get the best from tv you need to keep trying the best color brightness settings combination, after 2 weeks i have settled with best settings as  backlight 90 , brightness 48 , contrast 54, saturation 42, hue 0, sharpness 10, Gamma- middle, Color temp (Red gain  -5, blue gain  -29) In Advanced Video option set DNR off, MPEG NR low, Adaptive luma off, local contrast off. This ...'}, {'Product': 'tv', 'Name': 'Sushil  Badola', 'Rating': '3', 'CommentHead': 'Decent product', 'Comment': '1. Delivery was prompt .2.installation engr. Was acting smart wanted to take short cuts.3.TV table stand is plastic now 👎4. Processor is not that fast 5. Internal storage insufficient as storage full message keeps on popping though haven’t stalled many apps .6. In all it’s a okay product not that great ,posting review after using 15 days almost .'}, {'Product': 'tv', 'Name': 'Thilakraj K', 'Rating': '5', 'CommentHead': 'Classy product', 'Comment': 'MarQ is my trusted brand. Already I have MarQ Washing machine  and MarQ conventional microwave oven. All are great products. I love MaQ by Flipkart.'}, {'Product': 'tv', 'Name': 'Aritra  Samaddar', 'Rating': '5', 'CommentHead': 'Excellent', 'Comment': "It's been almost 8 days since I bought this tv, and till now everything is going fine. Delivery: The delivery was so quick, within 24 hours. And the installation was completed within 6 hours from the time of delivery.Picture: This tv has a great picture quality, and it has a wide range of picture settings to customize your screen.Sound: The audio quality is average. You have to customize the equalizer to get better sound. Apart from that, the audio clarity is superb once it equalized.Conn..."}, {'Product': 'tv', 'Name': 'Aritra  Samaddar', 'Rating': 'No Rating', 'CommentHead': 'No Comment Heading', 'Comment': "It's been almost 8 days since I bought this tv, and till now everything is going fine. Delivery: The delivery was so quick, within 24 hours. And the installation was completed within 6 hours from the time of delivery.Picture: This tv has a great picture quality, and it has a wide range of picture settings to customize your screen.Sound: The audio quality is average. You have to customize the equalizer to get better sound. Apart from that, the audio clarity is superb once it equalized.Conn..."}]
INFO:root:bad auth : authentication failed, full error: {'ok': 0, 'errmsg': 'bad auth : authentication failed', 'code': 8000, 'codeName': 'AtlasError'}
INFO:werkzeug:172.18.0.2 - - [03/Jul/2023 10:54:44] "POST /review HTTP/1.1" 200 -
INFO:werkzeug:[31m[1mWARNING: This is a development server. Do not use it in a production deployment. Use a production WSGI server instead.[0m
 * Running on all addresses (0.0.0.0)
 * Running on http://127.0.0.1:8080
 * Running on http://172.18.0.4:8080
INFO:werkzeug:[33mPress CTRL+C to quit[0m
ERROR:app:Exception on / [GET]
Traceback (most recent call last):
  File "/config/.local/lib/python3.8/site-packages/flask/app.py", line 2190, in wsgi_app
    response = self.full_dispatch_request()
  File "/config/.local/lib/python3.8/site-packages/flask/app.py", line 1486, in full_dispatch_request
    rv = self.handle_user_exception(e)
  File "/config/.local/lib/python3.8/site-packages/flask/app.py", line 1484, in full_dispatch_request
    rv = self.dispatch_request()
  File "/config/.local/lib/python3.8/site-packages/flask/app.py", line 1469, in dispatch_request
    return self.ensure_sync(self.view_functions[rule.endpoint])(**view_args)
  File "/config/workspace/app.py", line 14, in hello_world
    return render_template("templates/index.html")
  File "/config/.local/lib/python3.8/site-packages/flask/templating.py", line 150, in render_template
    template = app.jinja_env.get_or_select_template(template_name_or_list)
  File "/config/.local/lib/python3.8/site-packages/jinja2/environment.py", line 1081, in get_or_select_template
    return self.get_template(template_name_or_list, parent, globals)
  File "/config/.local/lib/python3.8/site-packages/jinja2/environment.py", line 1010, in get_template
    return self._load_template(name, globals)
  File "/config/.local/lib/python3.8/site-packages/jinja2/environment.py", line 969, in _load_template
    template = self.loader.load(self, name, self.make_globals(globals))
  File "/config/.local/lib/python3.8/site-packages/jinja2/loaders.py", line 126, in load
    source, filename, uptodate = self.get_source(environment, name)
  File "/config/.local/lib/python3.8/site-packages/flask/templating.py", line 64, in get_source
    return self._get_source_fast(environment, template)
  File "/config/.local/lib/python3.8/site-packages/flask/templating.py", line 98, in _get_source_fast
    raise TemplateNotFound(template)
jinja2.exceptions.TemplateNotFound: templates/index.html
INFO:werkzeug:172.18.0.2 - - [03/Jul/2023 10:55:24] "[35m[1mGET / HTTP/1.1[0m" 500 -
INFO:werkzeug:[31m[1mWARNING: This is a development server. Do not use it in a production deployment. Use a production WSGI server instead.[0m
 * Running on all addresses (0.0.0.0)
 * Running on http://127.0.0.1:8080
 * Running on http://172.18.0.8:8080
INFO:werkzeug:[33mPress CTRL+C to quit[0m
ERROR:app:Exception on / [GET]
Traceback (most recent call last):
  File "/config/.local/lib/python3.8/site-packages/flask/app.py", line 2190, in wsgi_app
    response = self.full_dispatch_request()
  File "/config/.local/lib/python3.8/site-packages/flask/app.py", line 1486, in full_dispatch_request
    rv = self.handle_user_exception(e)
  File "/config/.local/lib/python3.8/site-packages/flask/app.py", line 1484, in full_dispatch_request
    rv = self.dispatch_request()
  File "/config/.local/lib/python3.8/site-packages/flask/app.py", line 1469, in dispatch_request
    return self.ensure_sync(self.view_functions[rule.endpoint])(**view_args)
  File "/config/workspace/app.py", line 14, in hello_world
    return render_template("templates/index.html")
  File "/config/.local/lib/python3.8/site-packages/flask/templating.py", line 150, in render_template
    template = app.jinja_env.get_or_select_template(template_name_or_list)
  File "/config/.local/lib/python3.8/site-packages/jinja2/environment.py", line 1081, in get_or_select_template
    return self.get_template(template_name_or_list, parent, globals)
  File "/config/.local/lib/python3.8/site-packages/jinja2/environment.py", line 1010, in get_template
    return self._load_template(name, globals)
  File "/config/.local/lib/python3.8/site-packages/jinja2/environment.py", line 969, in _load_template
    template = self.loader.load(self, name, self.make_globals(globals))
  File "/config/.local/lib/python3.8/site-packages/jinja2/loaders.py", line 126, in load
    source, filename, uptodate = self.get_source(environment, name)
  File "/config/.local/lib/python3.8/site-packages/flask/templating.py", line 64, in get_source
    return self._get_source_fast(environment, template)
  File "/config/.local/lib/python3.8/site-packages/flask/templating.py", line 98, in _get_source_fast
    raise TemplateNotFound(template)
jinja2.exceptions.TemplateNotFound: templates/index.html
INFO:werkzeug:172.18.0.2 - - [03/Jul/2023 11:57:20] "[35m[1mGET / HTTP/1.1[0m" 500 -
INFO:werkzeug:[31m[1mWARNING: This is a development server. Do not use it in a production deployment. Use a production WSGI server instead.[0m
 * Running on http://127.0.0.1:8080
INFO:werkzeug:[33mPress CTRL+C to quit[0m
